# JRE version: OpenJDK Runtime Environment Temurin-17.0.18+8 (17.0.18+8) (build 17.0.18+8)
# Java VM: OpenJDK 64-Bit Server VM Temurin-17.0.18+8 (17.0.18+8, mixed mode, sharing, tiered, compressed oops, compressed class ptrs, g1 gc, windows-amd64)
GC Precious Log:
 CPUs: 16 total, 16 available
 Memory: 16108M
 Large Page Support: Disabled
 NUMA Support: Disabled
 Compressed Oops: Enabled (32-bit)
 Heap Region Size: 1M
 Heap Min Capacity: 8M
 Heap Initial Capacity: 252M
 Heap Max Capacity: 2G
 Pre-touch: Disabled
 Parallel Workers: 13
 Concurrent Workers: 3
 Concurrent Refinement Workers: 13
 Periodic GC: Disabled
Heap:
 garbage-first heap   total 295936K, used 225097K [0x0000000080000000, 0x0000000100000000)
  region size 1024K, 18 young (18432K), 3 survivors (3072K)
 Metaspace       used 155240K, committed 156480K, reserved 622592K
  class space    used 19934K, committed 20480K, reserved 425984K
GC Heap History (20 events):
Event: 13.859 GC heap before
{Heap before GC invocations=47 (full 0):
 garbage-first heap   total 295936K, used 173481K [0x0000000080000000, 0x0000000100000000)
  region size 1024K, 29 young (29696K), 11 survivors (11264K)
 Metaspace       used 141547K, committed 142656K, reserved 557056K
  class space    used 18305K, committed 18816K, reserved 425984K
}
Event: 13.863 GC heap after
{Heap after GC invocations=48 (full 0):
 garbage-first heap   total 295936K, used 157776K [0x0000000080000000, 0x0000000100000000)
  region size 1024K, 7 young (7168K), 7 survivors (7168K)
 Metaspace       used 141547K, committed 142656K, reserved 557056K
  class space    used 18305K, committed 18816K, reserved 425984K
}
Event: 14.567 GC heap before
{Heap before GC invocations=49 (full 0):
 garbage-first heap   total 295936K, used 242768K [0x0000000080000000, 0x0000000100000000)
  region size 1024K, 91 young (93184K), 7 survivors (7168K)
 Metaspace       used 147004K, committed 148096K, reserved 557056K
  class space    used 19165K, committed 19648K, reserved 425984K
}
Event: 14.573 GC heap after
{Heap after GC invocations=50 (full 0):
 garbage-first heap   total 295936K, used 164864K [0x0000000080000000, 0x0000000100000000)
  region size 1024K, 12 young (12288K), 12 survivors (12288K)
 Metaspace       used 147004K, committed 148096K, reserved 557056K
  class space    used 19165K, committed 19648K, reserved 425984K
}
Event: 15.057 GC heap before
{Heap before GC invocations=50 (full 0):
 garbage-first heap   total 295936K, used 165888K [0x0000000080000000, 0x0000000100000000)
  region size 1024K, 14 young (14336K), 12 survivors (12288K)
 Metaspace       used 147668K, committed 148864K, reserved 557056K
  class space    used 19253K, committed 19840K, reserved 425984K
}
Event: 15.060 GC heap after
{Heap after GC invocations=51 (full 0):
 garbage-first heap   total 295936K, used 165422K [0x0000000080000000, 0x0000000100000000)
  region size 1024K, 2 young (2048K), 2 survivors (2048K)
 Metaspace       used 147668K, committed 148864K, reserved 557056K
  class space    used 19253K, committed 19840K, reserved 425984K
}
Event: 24.718 GC heap before
{Heap before GC invocations=51 (full 0):
 garbage-first heap   total 295936K, used 244270K [0x0000000080000000, 0x0000000100000000)
  region size 1024K, 80 young (81920K), 2 survivors (2048K)
 Metaspace       used 148842K, committed 150016K, reserved 557056K
  class space    used 19359K, committed 19904K, reserved 425984K
}
Event: 24.722 GC heap after
{Heap after GC invocations=52 (full 0):
 garbage-first heap   total 295936K, used 171092K [0x0000000080000000, 0x0000000100000000)
  region size 1024K, 8 young (8192K), 8 survivors (8192K)
 Metaspace       used 148842K, committed 150016K, reserved 557056K
  class space    used 19359K, committed 19904K, reserved 425984K
}
Event: 25.089 GC heap before
{Heap before GC invocations=53 (full 0):
 garbage-first heap   total 295936K, used 218196K [0x0000000080000000, 0x0000000100000000)
  region size 1024K, 81 young (82944K), 8 survivors (8192K)
 Metaspace       used 148954K, committed 150144K, reserved 557056K
  class space    used 19371K, committed 19904K, reserved 425984K
}
Event: 25.094 GC heap after
{Heap after GC invocations=54 (full 0):
 garbage-first heap   total 295936K, used 148662K [0x0000000080000000, 0x0000000100000000)
  region size 1024K, 7 young (7168K), 7 survivors (7168K)
 Metaspace       used 148954K, committed 150144K, reserved 557056K
  class space    used 19371K, committed 19904K, reserved 425984K
}
Event: 25.204 GC heap before
{Heap before GC invocations=54 (full 0):
 garbage-first heap   total 295936K, used 159926K [0x0000000080000000, 0x0000000100000000)
  region size 1024K, 14 young (14336K), 7 survivors (7168K)
 Metaspace       used 149097K, committed 150272K, reserved 622592K
  class space    used 19383K, committed 19904K, reserved 425984K
}
Event: 25.208 GC heap after
{Heap after GC invocations=55 (full 0):
 garbage-first heap   total 295936K, used 134135K [0x0000000080000000, 0x0000000100000000)
  region size 1024K, 2 young (2048K), 2 survivors (2048K)
 Metaspace       used 149097K, committed 150272K, reserved 622592K
  class space    used 19383K, committed 19904K, reserved 425984K
}
Event: 25.588 GC heap before
{Heap before GC invocations=55 (full 0):
 garbage-first heap   total 295936K, used 247799K [0x0000000080000000, 0x0000000100000000)
  region size 1024K, 103 young (105472K), 2 survivors (2048K)
 Metaspace       used 149552K, committed 150720K, reserved 622592K
  class space    used 19430K, committed 19968K, reserved 425984K
}
Event: 25.595 GC heap after
{Heap after GC invocations=56 (full 0):
 garbage-first heap   total 295936K, used 173834K [0x0000000080000000, 0x0000000100000000)
  region size 1024K, 13 young (13312K), 13 survivors (13312K)
 Metaspace       used 149552K, committed 150720K, reserved 622592K
  class space    used 19430K, committed 19968K, reserved 425984K
}
Event: 25.735 GC heap before
{Heap before GC invocations=56 (full 0):
 garbage-first heap   total 295936K, used 231178K [0x0000000080000000, 0x0000000100000000)
  region size 1024K, 68 young (69632K), 13 survivors (13312K)
 Metaspace       used 149815K, committed 150976K, reserved 622592K
  class space    used 19436K, committed 19968K, reserved 425984K
}
Event: 25.742 GC heap after
{Heap after GC invocations=57 (full 0):
 garbage-first heap   total 295936K, used 194202K [0x0000000080000000, 0x0000000100000000)
  region size 1024K, 9 young (9216K), 9 survivors (9216K)
 Metaspace       used 149815K, committed 150976K, reserved 622592K
  class space    used 19436K, committed 19968K, reserved 425984K
}
Event: 26.147 GC heap before
{Heap before GC invocations=57 (full 0):
 garbage-first heap   total 295936K, used 234138K [0x0000000080000000, 0x0000000100000000)
  region size 1024K, 48 young (49152K), 9 survivors (9216K)
 Metaspace       used 151238K, committed 152384K, reserved 622592K
  class space    used 19497K, committed 20032K, reserved 425984K
}
Event: 26.152 GC heap after
{Heap after GC invocations=58 (full 0):
 garbage-first heap   total 295936K, used 205434K [0x0000000080000000, 0x0000000100000000)
  region size 1024K, 6 young (6144K), 6 survivors (6144K)
 Metaspace       used 151238K, committed 152384K, reserved 622592K
  class space    used 19497K, committed 20032K, reserved 425984K
}
Event: 26.445 GC heap before
{Heap before GC invocations=58 (full 0):
 garbage-first heap   total 295936K, used 242298K [0x0000000080000000, 0x0000000100000000)
  region size 1024K, 40 young (40960K), 6 survivors (6144K)
 Metaspace       used 153731K, committed 154944K, reserved 622592K
  class space    used 19793K, committed 20352K, reserved 425984K
}
Event: 26.448 GC heap after
{Heap after GC invocations=59 (full 0):
 garbage-first heap   total 295936K, used 210761K [0x0000000080000000, 0x0000000100000000)
  region size 1024K, 3 young (3072K), 3 survivors (3072K)
 Metaspace       used 153731K, committed 154944K, reserved 622592K
  class space    used 19793K, committed 20352K, reserved 425984K
}

